Input file(s):
rusage_1.json
rusage_2.json
rusage_3.json
Filter out file-10b293f98,file-9b6e8437,libtiff-1639ec1d40,libtiff-228cd82b52,libtiff-229cd82b52,libtiff-264cd82b52,libtiff-286cd82b52,libtiff-295f64949a,libtiff-298f64949a,libtiff-299f64949a,libtiff-300f64949a,libtiff-311f64949a,tac6.10,w3m-3902ba3d6,w3m-4106caca1,w3m-4306caca1,w3m-4606caca1,w3m-4806caca1,w3m-4906caca1,w3m-5006caca1,w3m-5106caca1,w3m-5206caca1,w3m-5306caca1,w3m-5406caca1,w3m-5506caca1,w3m-5606caca1,w3m-5706caca1,w3m-5806caca1,w3m-5906caca1,w3m-6006caca1,w3m-61a56a8ef,w3m-62a56a8ef,w3m-63a56a8ef,w3m-64a56a8ef,w3m-65a56a8ef,w3m-66a56a8ef,w3m-67a56a8ef,w3m-68a56a8ef,w3m-72a56a8ef,w3m-73a56a8ef,w3m-76a56a8ef,w3m-78a56a8ef
ben	original    	hase        	ratio
audiofile-13b62c902	0.0023  	0.0123  	5.2972  
audiofile-14b62c902	0.0025  	0.0304  	12.3523 
audiofile-16b62c902	0.0023  	0.0209  	8.9193  
audiofile-19b62c902	0.0021  	0.0185  	8.7977  
audiofile-20b62c902	0.0023  	0.0220  	9.5125  
audiofile-21b62c902	0.0020  	0.0185  	9.0771  
audiofile-22b62c902	0.0033  	0.0253  	7.7083  
audiofile-4ca645b2	0.0025  	0.6434  	262.5124
b2sum8.27	0.0136  	0.0161  	1.1792  
date8.22	0.0027  	0.0053  	1.9593  
date8.27	0.0141  	0.0167  	1.1852  
file-10b293f98	0.0101  	0.0123  	1.2196  
file-11b293f98	0.0102  	0.0128  	1.2622  
file-12b6e8437	0.0084  	0.0228  	2.7185  
file-17445748	0.0092  	0.0133  	1.4430  
file-18b6e8437	0.0081  	0.0220  	2.7255  
file-24a51454	0.0094  	0.0222  	2.3628  
file-34a51454	0.0096  	0.0216  	2.2565  
file-44a51454	0.0089  	0.0218  	2.4390  
file-5b6e8437	0.0079  	0.0224  	2.8414  
file-6b6e8437	0.0080  	0.0222  	2.7655  
file-7b6e8437	0.0084  	0.0219  	2.6213  
file-9b6e8437	0.0082  	0.0137  	1.6631  
flac-59d8d1717	0.0391  	0.0421  	1.0746  
flac-61d8d1717	0.0394  	0.0423  	1.0735  
flac-63d8d1717	2.0835  	2.1382  	1.0263  
flac-65d8d1717	0.0283  	0.0295  	1.0412  
flac-66d8d1717	0.0267  	0.0295  	1.1036  
flac-67d8d1717	0.0369  	0.0411  	1.1138  
jasper-13b702259	0.0106  	0.0133  	1.2504  
jasper-15b702259	0.0197  	0.0235  	1.1924  
jasper-17b702259	0.0191  	0.0214  	1.1180  
jasper-18b702259	0.0092  	0.0118  	1.2834  
jasper-19b702259	0.2580  	0.2675  	1.0365  
jasper-20b702259	0.0107  	0.0124  	1.1630  
jasper-22b702259	0.0109  	0.0135  	1.2390  
jasper-23b702259	0.0108  	0.0126  	1.1690  
jasper-24b702259	0.0094  	0.0123  	1.3054  
jasper-25b702259	0.0212  	0.0245  	1.1578  
jasper-26b702259	0.0196  	0.0230  	1.1730  
jasper-27b702259	0.0204  	0.0230  	1.1284  
jasper-28b702259	0.0189  	0.0219  	1.1592  
jasper-29ed355a6	0.0417  	0.0438  	1.0510  
jasper-2b702259	0.0115  	0.0144  	1.2462  
jasper-30ed355a6	0.0619  	0.0661  	1.0668  
jasper-31b702259	0.0118  	0.0131  	1.1085  
jasper-32b702259	0.0101  	0.0123  	1.2188  
jasper-33b702259	0.0189  	0.0221  	1.1692  
jasper-34b702259	0.0185  	0.0218  	1.1781  
jasper-35b702259	0.0185  	0.0219  	1.1791  
jasper-9b702259	0.0211  	0.0243  	1.1502  
libjpeg-turbo-173091354	0.0381  	0.0405  	1.0623  
libjpeg-turbo-233091354	0.0274  	0.0295  	1.0761  
libtasn-15b27f1ad	0.0354  	0.0383  	1.0819  
libtiff-11118b29a6	0.0024  	0.0236  	9.9746  
libtiff-1398b4c419	0.0111  	0.0245  	2.2097  
libtiff-1418b4c419	0.0139  	0.0352  	2.5283  
libtiff-1629ec1d40	0.0025  	0.0138  	5.6101  
libtiff-1639ec1d40	0.0021  	0.0133  	6.3367  
libtiff-1809ec1d40	0.0022  	0.0158  	7.2564  
libtiff-2129ec1d40	0.0021  	0.0218  	10.5643 
libtiff-2189ec1d40	0.0023  	0.0147  	6.2985  
libtiff-2199ec1d40	0.0021  	0.0242  	11.5138 
libtiff-2209ec1d40	0.0020  	0.0220  	10.7909 
libtiff-221cd82b52	0.0221  	0.0256  	1.1581  
libtiff-222cd82b52	0.0438  	0.0491  	1.1214  
libtiff-223cd82b52	0.0206  	0.0256  	1.2384  
libtiff-224cd82b52	0.0186  	0.0233  	1.2555  
libtiff-228cd82b52	0.0151  	0.0276  	1.8276  
libtiff-229cd82b52	0.0216  	0.0144  	0.6645  
libtiff-230cd82b52	0.0224  	0.0253  	1.1263  
libtiff-264cd82b52	0.0896  	0.0745  	0.8321  
libtiff-265cd82b52	0.0114  	0.0240  	2.1086  
libtiff-269cd82b52	0.0201  	0.0240  	1.1964  
libtiff-270d9783e4	0.0200  	0.0249  	1.2476  
libtiff-273d9783e4	0.0222  	0.0272  	1.2263  
libtiff-274d9783e4	0.0402  	0.1052  	2.6186  
libtiff-281d9783e4	0.0217  	0.0248  	1.1464  
libtiff-282d9783e4	0.0085  	0.0251  	2.9612  
libtiff-286cd82b52	0.0107  	0.0128  	1.1961  
libtiff-287d9783e4	0.0250  	0.0298  	1.1920  
libtiff-291cd82b52	0.0203  	0.0241  	1.1841  
libtiff-292cd82b52	0.0201  	0.0247  	1.2249  
libtiff-293f64949a	0.0101  	0.0234  	2.3095  
libtiff-295f64949a	0.0159  	0.0290  	1.8228  
libtiff-297f64949a	0.0206  	0.0274  	1.3256  
libtiff-298f64949a	2.0740  	0.6772  	0.3265  
libtiff-299f64949a	0.0197  	0.0138  	0.7011  
libtiff-300f64949a	0.0242  	0.0257  	1.0635  
libtiff-301f64949a	0.0196  	0.0246  	1.2515  
libtiff-303f64949a	0.0178  	0.0225  	1.2639  
libtiff-305f64949a	0.0188  	0.0254  	1.3523  
libtiff-308f64949a	0.0106  	0.0136  	1.2761  
libtiff-309f64949a	0.0192  	0.0237  	1.2359  
libtiff-310f64949a	0.0193  	0.0237  	1.2292  
libtiff-311f64949a	0.0114  	0.0144  	1.2630  
libtiff-312f64949a	0.0101  	0.0133  	1.3212  
libtiff-313f64949a	0.0202  	0.0254  	1.2591  
libtiff-314f64949a	0.0113  	0.0142  	1.2586  
libtiff-315f64949a	0.0116  	0.0142  	1.2251  
ln8.22	0.0123  	0.0146  	1.1905  
mkdir6.10	0.0129  	0.0154  	1.1892  
paste6.10	0.0029  	0.0052  	1.8304  
ptx6.10	0.0032  	0.0055  	1.7024  
shuf8.22	0.0125  	0.0150  	1.1995  
sort7.2	0.0126  	0.0150  	1.1895  
stty6.10	0.0127  	0.0148  	1.1678  
tac6.10	0.0037  	0.0047  	1.2638  
tcpdump-142a9e4211	0.0320  	0.0360  	1.1280  
tcpdump-144a9e4211	0.0638  	0.0705  	1.1053  
tcpdump-145a9e4211	0.0489  	0.0535  	1.0947  
tcpdump-146a9e4211	0.0386  	0.0434  	1.1250  
tcpdump-152a9e4211	0.0371  	0.0407  	1.0970  
tcpdump-154a9e4211	0.0336  	0.0368  	1.0943  
tcpdump-155a9e4211	0.0231  	0.0263  	1.1407  
tcpdump-158a9e4211	0.0694  	0.0738  	1.0631  
tcpdump-180a9e4211	0.0373  	0.0406  	1.0875  
tcpdump-728322d3a	0.1078  	0.1150  	1.0667  
w3m-1102ba3d6	0.0543  	0.0572  	1.0529  
w3m-1202ba3d6	0.0548  	0.0575  	1.0493  
w3m-1302ba3d6	0.0552  	0.0577  	1.0463  
w3m-1502ba3d6	0.0568  	0.0586  	1.0313  
w3m-1602ba3d6	0.0541  	0.0576  	1.0651  
w3m-1702ba3d6	0.0553  	0.0580  	1.0486  
w3m-1802ba3d6	0.0550  	0.0583  	1.0599  
w3m-1902ba3d6	0.0541  	0.0579  	1.0698  
w3m-2002ba3d6	0.0552  	0.0585  	1.0611  
w3m-2102ba3d6	0.0562  	0.0599  	1.0644  
w3m-2202ba3d6	0.0645  	0.0695  	1.0771  
w3m-2402ba3d6	0.0365  	0.0380  	1.0398  
w3m-2602ba3d6	0.0559  	0.0586  	1.0481  
w3m-2702ba3d6	0.0558  	0.0594  	1.0648  
w3m-2802ba3d6	0.0557  	0.0584  	1.0482  
w3m-3002ba3d6	0.0556  	0.0582  	1.0469  
w3m-3102ba3d6	0.0561  	0.0581  	1.0350  
w3m-3302ba3d6	0.0550  	0.0571  	1.0391  
w3m-3602ba3d6	0.0570  	0.0580  	1.0184  
w3m-3802ba3d6	0.0548  	0.0583  	1.0642  
w3m-3902ba3d6	0.0381  	0.0386  	1.0134  
w3m-4002ba3d6	0.0546  	0.0577  	1.0559  
w3m-4106caca1	0.0379  	0.0587  	1.5470  
w3m-4306caca1	0.0371  	0.0685  	1.8442  
w3m-4406caca1	0.0552  	0.0562  	1.0173  
w3m-4506caca1	0.0566  	0.0597  	1.0546  
w3m-4606caca1	0.0363  	0.0379  	1.0443  
w3m-4806caca1	0.0367  	0.0384  	1.0463  
w3m-4906caca1	0.0363  	0.0363  	0.9991  
w3m-5006caca1	0.0371  	0.0364  	0.9806  
w3m-5106caca1	0.0378  	0.0372  	0.9847  
w3m-5206caca1	0.0360  	0.0377  	1.0472  
w3m-5306caca1	0.0918  	0.0959  	1.0453  
w3m-5406caca1	0.0461  	0.0476  	1.0321  
w3m-5506caca1	0.0360  	0.0371  	1.0297  
w3m-5606caca1	0.0361  	0.0370  	1.0255  
w3m-5706caca1	0.0355  	0.0375  	1.0573  
w3m-5806caca1	0.0434  	0.0459  	1.0574  
w3m-5906caca1	0.0365  	0.0380  	1.0423  
w3m-6006caca1	0.0362  	0.0368  	1.0157  
w3m-61a56a8ef	0.0362  	0.0368  	1.0149  
w3m-62a56a8ef	0.0368  	0.0371  	1.0094  
w3m-63a56a8ef	0.0374  	0.0375  	1.0041  
w3m-64a56a8ef	0.0364  	0.0377  	1.0367  
w3m-65a56a8ef	0.0362  	0.0377  	1.0418  
w3m-66a56a8ef	0.0363  	0.0372  	1.0250  
w3m-67a56a8ef	0.0365  	0.0368  	1.0067  
w3m-68a56a8ef	0.0364  	0.0371  	1.0193  
w3m-72a56a8ef	0.0356  	0.0377  	1.0603  
w3m-73a56a8ef	0.0360  	0.0373  	1.0370  
w3m-76a56a8ef	0.0371  	0.0379  	1.0225  
w3m-78a56a8ef	0.0367  	0.0376  	1.0241  
zlib-114763ac	0.0097  	0.0222  	2.2860  
zlib-37c2a874	0.0090  	0.0210  	2.3266  
zlib-47c2a874	0.0086  	0.0215  	2.4936  
zlib-57c2a874	0.0101  	0.0217  	2.1379  
000	9.0130  	9.2973  	1.6539  
